Build started 2014-05-22 7:30:30 PM.
     1>Project "D:\Documents\Visual Studio 2010\Projects\zhen\zhen\zhen.vcxproj" on node 2 (build target(s)).
     1>InitializeBuildStatus:
         Creating "Debug\zhen.unsuccessfulbuild" because "AlwaysCreate" was specified.
       ClCompile:
         All outputs are up-to-date.
         C:\Program Files (x86)\Microsoft Visual Studio 10.0\VC\bin\CL.exe /c /ZI /nologo /W3 /WX- /Od /Oy- /D WIN32 /D _WINDOWS /D _DEBUG /D _UNICODE /D UNICODE /D _AFXDLL /Gm /EHsc /RTC1 /MDd /GS /fp:precise /Zc:wchar_t /Zc:forScope /Yu"StdAfx.h" /Fp"Debug\zhen.pch" /Fo"Debug\\" /Fd"Debug\vc100.pdb" /Gd /TP /analyze- /errorReport:prompt zhenDlg.cpp
         zhenDlg.cpp
       ResourceCompile:
         All outputs are up-to-date.
       ManifestResourceCompile:
         All outputs are up-to-date.
       Link:
         C:\Program Files (x86)\Microsoft Visual Studio 10.0\VC\bin\link.exe /ERRORREPORT:PROMPT /OUT:"D:\Documents\Visual Studio 2010\Projects\zhen\Debug\zhen.exe" /INCREMENTAL /NOLOGO /MANIFEST /ManifestFile:"Debug\zhen.exe.intermediate.manifest" /MANIFESTUAC:"level='asInvoker' uiAccess='false'" /DEBUG /PDB:"D:\Documents\Visual Studio 2010\Projects\zhen\Debug\zhen.pdb" /SUBSYSTEM:WINDOWS /TLBID:1 /ENTRY:"wWinMainCRTStartup" /DYNAMICBASE /NXCOMPAT /IMPLIB:"D:\Documents\Visual Studio 2010\Projects\zhen\Debug\zhen.lib" /MACHINE:X86 Debug\zhen.res
         Debug\zhen.exe.embed.manifest.res
         Debug\stdafx.obj
         Debug\zhen.obj
         Debug\zhenDlg.obj
       Manifest:
         C:\Program Files (x86)\Microsoft SDKs\Windows\v7.0A\bin\mt.exe /nologo /verbose /out:"Debug\zhen.exe.embed.manifest" /manifest Debug\zhen.exe.intermediate.manifest "C:\Program Files (x86)\Microsoft Visual Studio 10.0\VC\Include\Manifest\dpiaware.manifest"
         All outputs are up-to-date.
       LinkEmbedManifest:
         All outputs are up-to-date.
         zhen.vcxproj -> D:\Documents\Visual Studio 2010\Projects\zhen\Debug\zhen.exe
       FinalizeBuildStatus:
         Deleting file "Debug\zhen.unsuccessfulbuild".
         Touching "Debug\zhen.lastbuildstate".
     1>Done Building Project "D:\Documents\Visual Studio 2010\Projects\zhen\zhen\zhen.vcxproj" (build target(s)).

Build succeeded.

Time Elapsed 00:00:00.62
