Build started 2014-05-22 7:36:24 PM.
     1>Project "D:\Documents\Visual Studio 2010\Projects\zhen\zhen\zhen.vcxproj" on node 2 (build target(s)).
     1>InitializeBuildStatus:
         Creating "Release\zhen.unsuccessfulbuild" because "AlwaysCreate" was specified.
       ClCompile:
         All outputs are up-to-date.
         C:\Program Files (x86)\Microsoft Visual Studio 10.0\VC\bin\CL.exe /c /Zi /nologo /W3 /WX- /O2 /Oi /Oy- /GL /D WIN32 /D _WINDOWS /D NDEBUG /D _UNICODE /D UNICODE /D _AFXDLL /Gm- /EHsc /MD /GS /Gy /fp:precise /Zc:wchar_t /Zc:forScope /Yu"StdAfx.h" /Fp"Release\zhen.pch" /Fo"Release\\" /Fd"Release\vc100.pdb" /Gd /TP /analyze- /errorReport:prompt zhenDlg.cpp
         zhenDlg.cpp
       ResourceCompile:
         All outputs are up-to-date.
       Link:
         C:\Program Files (x86)\Microsoft Visual Studio 10.0\VC\bin\link.exe /ERRORREPORT:PROMPT /OUT:"D:\Documents\Visual Studio 2010\Projects\zhen\Release\zhen.exe" /INCREMENTAL:NO /NOLOGO /MANIFEST /ManifestFile:"Release\zhen.exe.intermediate.manifest" /MANIFESTUAC:"level='asInvoker' uiAccess='false'" /DEBUG /PDB:"D:\Documents\Visual Studio 2010\Projects\zhen\Release\zhen.pdb" /SUBSYSTEM:WINDOWS /OPT:REF /OPT:ICF /LTCG /TLBID:1 /ENTRY:"wWinMainCRTStartup" /DYNAMICBASE /NXCOMPAT /IMPLIB:"D:\Documents\Visual Studio 2010\Projects\zhen\Release\zhen.lib" /MACHINE:X86 Release\zhen.res
         Release\stdafx.obj
         Release\zhen.obj
         Release\zhenDlg.obj
         Generating code
         Finished generating code
         zhen.vcxproj -> D:\Documents\Visual Studio 2010\Projects\zhen\Release\zhen.exe
       Manifest:
         C:\Program Files (x86)\Microsoft SDKs\Windows\v7.0A\bin\mt.exe /nologo /verbose /outputresource:"D:\Documents\Visual Studio 2010\Projects\zhen\Release\zhen.exe;#1" /manifest Release\zhen.exe.intermediate.manifest "C:\Program Files (x86)\Microsoft Visual Studio 10.0\VC\Include\Manifest\dpiaware.manifest"
       FinalizeBuildStatus:
         Deleting file "Release\zhen.unsuccessfulbuild".
         Touching "Release\zhen.lastbuildstate".
     1>Done Building Project "D:\Documents\Visual Studio 2010\Projects\zhen\zhen\zhen.vcxproj" (build target(s)).

Build succeeded.

Time Elapsed 00:00:01.25
